<?xml version="1.0" encoding="UTF-8"?><testsuite errors="0" failures="0" name="com.studentapp.studentinfo.studentCURDTestWithSteps" skipped="0" tests="4" time="0.97" timestamp="2022-01-25T23:37:32.041Z[Europe/London]"><testcase classname="com.studentapp.studentinfo.studentCURDTestWithSteps" name="This will create a new student"/><testcase classname="com.studentapp.studentinfo.studentCURDTestWithSteps" name="Verify if the student was added to the application"/><testcase classname="com.studentapp.studentinfo.studentCURDTestWithSteps" name="Update the user information and verify the updated information"/><testcase classname="com.studentapp.studentinfo.studentCURDTestWithSteps" name="Delete the student and verify if the student is deleted!"/></testsuite>